[debug] [2022-12-06T06:19:11.487Z] : 
[debug] [2022-12-06T06:19:11.490Z] : ----------------------------------------------------------------------
[debug] [2022-12-06T06:19:11.491Z] : Command:      C:\Program Files\nodejs\node.exe C:\Users\Santhosh\AppData\Roaming\npm\node_modules\zcatalyst-cli\lib\bin\catalyst.js deploy
[debug] [2022-12-06T06:19:11.492Z] : CLI Version:  1.13.3
[debug] [2022-12-06T06:19:11.494Z] : Platform:     win32
[debug] [2022-12-06T06:19:11.495Z] : Node Version: v16.15.1
[debug] [2022-12-06T06:19:11.498Z] : Time:         Tue Dec 06 2022 11:49:11 GMT+0530 (India Standard Time)
[debug] [2022-12-06T06:19:11.499Z] : ----------------------------------------------------------------------
[debug] [2022-12-06T06:19:11.499Z] : 
[debug] [2022-12-06T06:19:13.106Z] : > authorizing via signed-in user option
[debug] [2022-12-06T06:19:13.107Z] : > command requires scopes: ["ZohoCatalyst.projects.ALL","ZohoCatalyst.functions.ALL","ZohoCatalyst.webapp.ALL"]
[debug] [2022-12-06T06:19:13.126Z] : >>>> HTTP REQUEST : GET https://api.catalyst.zoho.in/baas/v1/project/2207000000006285 

[debug] [2022-12-06T06:19:13.453Z] : <<<< HTTP RESPONSE : 200
Response Headers: {"server":"ZGS","date":"Tue, 06 Dec 2022 06:19:15 GMT","content-type":"application/vnd.catalyst.v2+json","transfer-encoding":"chunked","connection":"close","set-cookie":["3a750b85f1=7c58023b2365c117e2ff9b6feb09efa2; Path=/","ZD_CSRF_TOKEN=35766322-b022-43fb-b046-70b30eaa36ce;path=/;SameSite=None;Secure;priority=high","_zcsr_tmp=35766322-b022-43fb-b046-70b30eaa36ce;path=/;SameSite=Strict;Secure;priority=high"],"x-content-type-options":"nosniff","x-xss-protection":"1","pragma":"no-cache","cache-control":"private,no-cache,no-store,max-age=0,must-revalidate","expires":"Thu, 01 Jan 1970 00:00:00 GMT","x-frame-options":"DENY","strict-transport-security":"max-age=63072000"}

[debug] [2022-12-06T06:19:13.460Z] : >>>> HTTP REQUEST : GET https://api.catalyst.zoho.in/baas/v1/project/2207000000006285/environment 

[debug] [2022-12-06T06:19:13.698Z] : <<<< HTTP RESPONSE : 200
Response Headers: {"server":"ZGS","date":"Tue, 06 Dec 2022 06:19:15 GMT","content-type":"application/vnd.catalyst.v2+json","transfer-encoding":"chunked","connection":"close","set-cookie":["3a750b85f1=99131cfabfda186b4fe68a16fb8fedd6; Path=/","ZD_CSRF_TOKEN=cfce540d-d6c1-425d-8fd5-b153792c58d6;path=/;SameSite=None;Secure;priority=high","_zcsr_tmp=cfce540d-d6c1-425d-8fd5-b153792c58d6;path=/;SameSite=Strict;Secure;priority=high"],"x-content-type-options":"nosniff","x-xss-protection":"1","pragma":"no-cache","cache-control":"private,no-cache,no-store,max-age=0,must-revalidate","expires":"Thu, 01 Jan 1970 00:00:00 GMT","x-frame-options":"DENY","strict-transport-security":"max-age=63072000"}

[debug] [2022-12-06T06:19:13.730Z] : >>>> HTTP REQUEST : GET https://api.catalyst.zoho.in/baas/v1/project/2207000000006285/function 
Query params: {"type":"basicio,event,cron,applogic,integration"}

[debug] [2022-12-06T06:19:13.955Z] : <<<< HTTP RESPONSE : 200
Response Headers: {"server":"ZGS","date":"Tue, 06 Dec 2022 06:19:15 GMT","content-type":"application/vnd.catalyst.v2+json","transfer-encoding":"chunked","connection":"close","set-cookie":["3a750b85f1=99131cfabfda186b4fe68a16fb8fedd6; Path=/","ZD_CSRF_TOKEN=2b520e31-215a-444f-9481-5ff07125b04e;path=/;SameSite=None;Secure;priority=high","_zcsr_tmp=2b520e31-215a-444f-9481-5ff07125b04e;path=/;SameSite=Strict;Secure;priority=high"],"x-content-type-options":"nosniff","x-xss-protection":"1","pragma":"no-cache","cache-control":"private,no-cache,no-store,max-age=0,must-revalidate","expires":"Thu, 01 Jan 1970 00:00:00 GMT","x-frame-options":"DENY","strict-transport-security":"max-age=63072000"}

[debug] [2022-12-06T06:19:13.962Z] : unknown eol undefined hence skipping check
[debug] [2022-12-06T06:19:28.063Z] : >>>> HTTP REQUEST : PUT https://api.catalyst.zoho.in/baas/v1/project/2207000000006285/server/upsert 

[debug] [2022-12-06T06:19:58.467Z] : <<<< HTTP RESPONSE : 200
Response Headers: {"server":"ZGS","date":"Tue, 06 Dec 2022 06:20:00 GMT","content-type":"application/vnd.catalyst.v2+json","transfer-encoding":"chunked","connection":"close","set-cookie":["3a750b85f1=99131cfabfda186b4fe68a16fb8fedd6; Path=/","ZD_CSRF_TOKEN=38a8f75b-e0c0-49b0-8b58-c27041d25fb4;path=/;SameSite=None;Secure;priority=high","_zcsr_tmp=38a8f75b-e0c0-49b0-8b58-c27041d25fb4;path=/;SameSite=Strict;Secure;priority=high"],"x-content-type-options":"nosniff","x-xss-protection":"1","pragma":"no-cache","cache-control":"private,no-cache,no-store,max-age=0,must-revalidate","expires":"Thu, 01 Jan 1970 00:00:00 GMT","x-frame-options":"DENY","strict-transport-security":"max-age=63072000"}

[info] [2022-12-06T06:19:58.961Z] : ℹ Plugin : "zcatalyst-cli-plugin-angular" is used for client deploy
[info] [2022-12-06T06:19:58.962Z] : ℹ Building Application...
[error] [2022-12-06T06:19:59.907Z] : uncaughtException: Ajv is not a constructor
TypeError: Ajv is not a constructor
    at Object.<anonymous> (C:\Users\Santhosh\OneDrive\Desktop\Catalyst-Phase 3\client\node_modules\webpack-dev-server\node_modules\schema-utils\dist\validate.js:66:13)
    at Module._compile (node:internal/modules/cjs/loader:1105:14)
    at Object.Module._extensions..js (node:internal/modules/cjs/loader:1159:10)
    at Module.load (node:internal/modules/cjs/loader:981:32)
    at Function.Module._load (node:internal/modules/cjs/loader:822:12)
    at Module.require (node:internal/modules/cjs/loader:1005:19)
    at require (node:internal/modules/cjs/helpers:102:18)
    at Object.<anonymous> (C:\Users\Santhosh\OneDrive\Desktop\Catalyst-Phase 3\client\node_modules\webpack-dev-server\node_modules\schema-utils\dist\index.js:6:5)
    at Module._compile (node:internal/modules/cjs/loader:1105:14)
    at Object.Module._extensions..js (node:internal/modules/cjs/loader:1159:10)
[error] [2022-12-06T06:19:59.912Z] : ✖ An unexpected error has occurred.
[debug] [2022-12-06T06:19:59.912Z] : Error Stack: CatalystError: An unexpected error has occurred.
    at exports.default (C:\Users\Santhosh\AppData\Roaming\npm\node_modules\zcatalyst-cli\lib\errorOut.js:19:17)
    at process.<anonymous> (C:\Users\Santhosh\AppData\Roaming\npm\node_modules\zcatalyst-cli\lib\bin\catalyst.js:87:28)
    at process.emit (node:events:539:35)
    at process._fatalException (node:internal/process/execution:167:25)
[debug] [2022-12-06T06:19:59.912Z] : Original Error: TypeError: Ajv is not a constructor
    at Object.<anonymous> (C:\Users\Santhosh\OneDrive\Desktop\Catalyst-Phase 3\client\node_modules\webpack-dev-server\node_modules\schema-utils\dist\validate.js:66:13)
    at Module._compile (node:internal/modules/cjs/loader:1105:14)
    at Object.Module._extensions..js (node:internal/modules/cjs/loader:1159:10)
    at Module.load (node:internal/modules/cjs/loader:981:32)
    at Function.Module._load (node:internal/modules/cjs/loader:822:12)
    at Module.require (node:internal/modules/cjs/loader:1005:19)
    at require (node:internal/modules/cjs/helpers:102:18)
    at Object.<anonymous> (C:\Users\Santhosh\OneDrive\Desktop\Catalyst-Phase 3\client\node_modules\webpack-dev-server\node_modules\schema-utils\dist\index.js:6:5)
    at Module._compile (node:internal/modules/cjs/loader:1105:14)
    at Object.Module._extensions..js (node:internal/modules/cjs/loader:1159:10)
[debug] [2022-12-06T06:19:59.913Z] : Error Status: 500
[info] [2022-12-06T06:19:59.913Z] : Kindly contact Catalyst support [support@zohocatalyst.com] if you need any further assistance
[debug] [2022-12-06T06:20:23.286Z] : 
[debug] [2022-12-06T06:20:23.286Z] : ----------------------------------------------------------------------
[debug] [2022-12-06T06:20:23.287Z] : Command:      C:\Program Files\nodejs\node.exe C:\Users\Santhosh\AppData\Roaming\npm\node_modules\zcatalyst-cli\lib\bin\catalyst.js deploy
[debug] [2022-12-06T06:20:23.287Z] : CLI Version:  1.13.3
[debug] [2022-12-06T06:20:23.287Z] : Platform:     win32
[debug] [2022-12-06T06:20:23.290Z] : Node Version: v16.15.1
[debug] [2022-12-06T06:20:23.292Z] : Time:         Tue Dec 06 2022 11:50:23 GMT+0530 (India Standard Time)
[debug] [2022-12-06T06:20:23.292Z] : ----------------------------------------------------------------------
[debug] [2022-12-06T06:20:23.292Z] : 
[debug] [2022-12-06T06:20:24.295Z] : > authorizing via signed-in user option
[debug] [2022-12-06T06:20:24.295Z] : > command requires scopes: ["ZohoCatalyst.projects.ALL","ZohoCatalyst.functions.ALL","ZohoCatalyst.webapp.ALL"]
[debug] [2022-12-06T06:20:24.309Z] : >>>> HTTP REQUEST : GET https://api.catalyst.zoho.in/baas/v1/project/2207000000006285 

[debug] [2022-12-06T06:20:24.555Z] : <<<< HTTP RESPONSE : 200
Response Headers: {"server":"ZGS","date":"Tue, 06 Dec 2022 06:20:26 GMT","content-type":"application/vnd.catalyst.v2+json","transfer-encoding":"chunked","connection":"close","set-cookie":["3a750b85f1=7c58023b2365c117e2ff9b6feb09efa2; Path=/","ZD_CSRF_TOKEN=31861c48-e3dd-434f-a3ea-f49342f9c8a4;path=/;SameSite=None;Secure;priority=high","_zcsr_tmp=31861c48-e3dd-434f-a3ea-f49342f9c8a4;path=/;SameSite=Strict;Secure;priority=high"],"x-content-type-options":"nosniff","x-xss-protection":"1","pragma":"no-cache","cache-control":"private,no-cache,no-store,max-age=0,must-revalidate","expires":"Thu, 01 Jan 1970 00:00:00 GMT","x-frame-options":"DENY","strict-transport-security":"max-age=63072000"}

[debug] [2022-12-06T06:20:24.559Z] : >>>> HTTP REQUEST : GET https://api.catalyst.zoho.in/baas/v1/project/2207000000006285/environment 

[debug] [2022-12-06T06:20:24.764Z] : <<<< HTTP RESPONSE : 200
Response Headers: {"server":"ZGS","date":"Tue, 06 Dec 2022 06:20:26 GMT","content-type":"application/vnd.catalyst.v2+json","transfer-encoding":"chunked","connection":"close","set-cookie":["3a750b85f1=7c58023b2365c117e2ff9b6feb09efa2; Path=/","ZD_CSRF_TOKEN=958c9629-6dee-4249-8602-b0313435ec34;path=/;SameSite=None;Secure;priority=high","_zcsr_tmp=958c9629-6dee-4249-8602-b0313435ec34;path=/;SameSite=Strict;Secure;priority=high"],"x-content-type-options":"nosniff","x-xss-protection":"1","pragma":"no-cache","cache-control":"private,no-cache,no-store,max-age=0,must-revalidate","expires":"Thu, 01 Jan 1970 00:00:00 GMT","x-frame-options":"DENY","strict-transport-security":"max-age=63072000"}

[debug] [2022-12-06T06:20:24.778Z] : >>>> HTTP REQUEST : GET https://api.catalyst.zoho.in/baas/v1/project/2207000000006285/function 
Query params: {"type":"basicio,event,cron,applogic,integration"}

[debug] [2022-12-06T06:20:24.998Z] : <<<< HTTP RESPONSE : 200
Response Headers: {"server":"ZGS","date":"Tue, 06 Dec 2022 06:20:26 GMT","content-type":"application/vnd.catalyst.v2+json","transfer-encoding":"chunked","connection":"close","set-cookie":["3a750b85f1=7c58023b2365c117e2ff9b6feb09efa2; Path=/","ZD_CSRF_TOKEN=acd1d1b7-343d-4eca-9cde-3ba62813fe26;path=/;SameSite=None;Secure;priority=high","_zcsr_tmp=acd1d1b7-343d-4eca-9cde-3ba62813fe26;path=/;SameSite=Strict;Secure;priority=high"],"x-content-type-options":"nosniff","x-xss-protection":"1","pragma":"no-cache","cache-control":"private,no-cache,no-store,max-age=0,must-revalidate","expires":"Thu, 01 Jan 1970 00:00:00 GMT","x-frame-options":"DENY","strict-transport-security":"max-age=63072000"}

[debug] [2022-12-06T06:20:25.004Z] : unknown eol undefined hence skipping check
[debug] [2022-12-06T06:20:57.174Z] : 
[debug] [2022-12-06T06:20:57.175Z] : ----------------------------------------------------------------------
[debug] [2022-12-06T06:20:57.176Z] : Command:      C:\Program Files\nodejs\node.exe C:\Users\Santhosh\AppData\Roaming\npm\node_modules\zcatalyst-cli\lib\bin\catalyst.js deploy
[debug] [2022-12-06T06:20:57.176Z] : CLI Version:  1.13.3
[debug] [2022-12-06T06:20:57.176Z] : Platform:     win32
[debug] [2022-12-06T06:20:57.176Z] : Node Version: v16.15.1
[debug] [2022-12-06T06:20:57.178Z] : Time:         Tue Dec 06 2022 11:50:57 GMT+0530 (India Standard Time)
[debug] [2022-12-06T06:20:57.178Z] : ----------------------------------------------------------------------
[debug] [2022-12-06T06:20:57.178Z] : 
[debug] [2022-12-06T06:20:58.203Z] : > authorizing via signed-in user option
[debug] [2022-12-06T06:20:58.204Z] : > command requires scopes: ["ZohoCatalyst.projects.ALL","ZohoCatalyst.functions.ALL","ZohoCatalyst.webapp.ALL"]
[debug] [2022-12-06T06:20:58.220Z] : >>>> HTTP REQUEST : GET https://api.catalyst.zoho.in/baas/v1/project/2207000000006285 

[debug] [2022-12-06T06:20:58.493Z] : <<<< HTTP RESPONSE : 200
Response Headers: {"server":"ZGS","date":"Tue, 06 Dec 2022 06:21:00 GMT","content-type":"application/vnd.catalyst.v2+json","transfer-encoding":"chunked","connection":"close","set-cookie":["3a750b85f1=99131cfabfda186b4fe68a16fb8fedd6; Path=/","ZD_CSRF_TOKEN=e122a7a4-a91f-478f-8d92-97b7df450d94;path=/;SameSite=None;Secure;priority=high","_zcsr_tmp=e122a7a4-a91f-478f-8d92-97b7df450d94;path=/;SameSite=Strict;Secure;priority=high"],"x-content-type-options":"nosniff","x-xss-protection":"1","pragma":"no-cache","cache-control":"private,no-cache,no-store,max-age=0,must-revalidate","expires":"Thu, 01 Jan 1970 00:00:00 GMT","x-frame-options":"DENY","strict-transport-security":"max-age=63072000"}

[debug] [2022-12-06T06:20:58.498Z] : >>>> HTTP REQUEST : GET https://api.catalyst.zoho.in/baas/v1/project/2207000000006285/environment 

[debug] [2022-12-06T06:20:58.726Z] : <<<< HTTP RESPONSE : 200
Response Headers: {"server":"ZGS","date":"Tue, 06 Dec 2022 06:21:00 GMT","content-type":"application/vnd.catalyst.v2+json","transfer-encoding":"chunked","connection":"close","set-cookie":["3a750b85f1=7c58023b2365c117e2ff9b6feb09efa2; Path=/","ZD_CSRF_TOKEN=86f82300-2e89-4a82-b5a0-2aa9d1d0d39b;path=/;SameSite=None;Secure;priority=high","_zcsr_tmp=86f82300-2e89-4a82-b5a0-2aa9d1d0d39b;path=/;SameSite=Strict;Secure;priority=high"],"x-content-type-options":"nosniff","x-xss-protection":"1","pragma":"no-cache","cache-control":"private,no-cache,no-store,max-age=0,must-revalidate","expires":"Thu, 01 Jan 1970 00:00:00 GMT","x-frame-options":"DENY","strict-transport-security":"max-age=63072000"}

[debug] [2022-12-06T06:20:58.740Z] : >>>> HTTP REQUEST : GET https://api.catalyst.zoho.in/baas/v1/project/2207000000006285/function 
Query params: {"type":"basicio,event,cron,applogic,integration"}

[debug] [2022-12-06T06:20:58.964Z] : <<<< HTTP RESPONSE : 200
Response Headers: {"server":"ZGS","date":"Tue, 06 Dec 2022 06:21:00 GMT","content-type":"application/vnd.catalyst.v2+json","transfer-encoding":"chunked","connection":"close","set-cookie":["3a750b85f1=99131cfabfda186b4fe68a16fb8fedd6; Path=/","ZD_CSRF_TOKEN=11c526b7-e368-4bba-bbe9-6cfcd52207b2;path=/;SameSite=None;Secure;priority=high","_zcsr_tmp=11c526b7-e368-4bba-bbe9-6cfcd52207b2;path=/;SameSite=Strict;Secure;priority=high"],"x-content-type-options":"nosniff","x-xss-protection":"1","pragma":"no-cache","cache-control":"private,no-cache,no-store,max-age=0,must-revalidate","expires":"Thu, 01 Jan 1970 00:00:00 GMT","x-frame-options":"DENY","strict-transport-security":"max-age=63072000"}

[debug] [2022-12-06T06:20:58.967Z] : unknown eol undefined hence skipping check
[debug] [2022-12-06T06:21:09.317Z] : >>>> HTTP REQUEST : PUT https://api.catalyst.zoho.in/baas/v1/project/2207000000006285/server/upsert 

[debug] [2022-12-06T06:21:35.773Z] : <<<< HTTP RESPONSE : 200
Response Headers: {"server":"ZGS","date":"Tue, 06 Dec 2022 06:21:37 GMT","content-type":"application/vnd.catalyst.v2+json","transfer-encoding":"chunked","connection":"close","set-cookie":["3a750b85f1=99131cfabfda186b4fe68a16fb8fedd6; Path=/","ZD_CSRF_TOKEN=e9f71683-6c6c-4cea-b812-78dde5e1eb23;path=/;SameSite=None;Secure;priority=high","_zcsr_tmp=e9f71683-6c6c-4cea-b812-78dde5e1eb23;path=/;SameSite=Strict;Secure;priority=high"],"x-content-type-options":"nosniff","x-xss-protection":"1","pragma":"no-cache","cache-control":"private,no-cache,no-store,max-age=0,must-revalidate","expires":"Thu, 01 Jan 1970 00:00:00 GMT","x-frame-options":"DENY","strict-transport-security":"max-age=63072000"}

[info] [2022-12-06T06:21:36.223Z] : ℹ Plugin : "zcatalyst-cli-plugin-angular" is used for client deploy
[info] [2022-12-06T06:21:36.224Z] : ℹ Building Application...
[error] [2022-12-06T06:21:37.055Z] : uncaughtException: Ajv is not a constructor
TypeError: Ajv is not a constructor
    at Object.<anonymous> (C:\Users\Santhosh\OneDrive\Desktop\Catalyst-Phase 3\client\node_modules\webpack-dev-server\node_modules\schema-utils\dist\validate.js:66:13)
    at Module._compile (node:internal/modules/cjs/loader:1105:14)
    at Object.Module._extensions..js (node:internal/modules/cjs/loader:1159:10)
    at Module.load (node:internal/modules/cjs/loader:981:32)
    at Function.Module._load (node:internal/modules/cjs/loader:822:12)
    at Module.require (node:internal/modules/cjs/loader:1005:19)
    at require (node:internal/modules/cjs/helpers:102:18)
    at Object.<anonymous> (C:\Users\Santhosh\OneDrive\Desktop\Catalyst-Phase 3\client\node_modules\webpack-dev-server\node_modules\schema-utils\dist\index.js:6:5)
    at Module._compile (node:internal/modules/cjs/loader:1105:14)
    at Object.Module._extensions..js (node:internal/modules/cjs/loader:1159:10)
[error] [2022-12-06T06:21:37.060Z] : ✖ An unexpected error has occurred.
[debug] [2022-12-06T06:21:37.061Z] : Error Stack: CatalystError: An unexpected error has occurred.
    at exports.default (C:\Users\Santhosh\AppData\Roaming\npm\node_modules\zcatalyst-cli\lib\errorOut.js:19:17)
    at process.<anonymous> (C:\Users\Santhosh\AppData\Roaming\npm\node_modules\zcatalyst-cli\lib\bin\catalyst.js:87:28)
    at process.emit (node:events:539:35)
    at process._fatalException (node:internal/process/execution:167:25)
[debug] [2022-12-06T06:21:37.061Z] : Original Error: TypeError: Ajv is not a constructor
    at Object.<anonymous> (C:\Users\Santhosh\OneDrive\Desktop\Catalyst-Phase 3\client\node_modules\webpack-dev-server\node_modules\schema-utils\dist\validate.js:66:13)
    at Module._compile (node:internal/modules/cjs/loader:1105:14)
    at Object.Module._extensions..js (node:internal/modules/cjs/loader:1159:10)
    at Module.load (node:internal/modules/cjs/loader:981:32)
    at Function.Module._load (node:internal/modules/cjs/loader:822:12)
    at Module.require (node:internal/modules/cjs/loader:1005:19)
    at require (node:internal/modules/cjs/helpers:102:18)
    at Object.<anonymous> (C:\Users\Santhosh\OneDrive\Desktop\Catalyst-Phase 3\client\node_modules\webpack-dev-server\node_modules\schema-utils\dist\index.js:6:5)
    at Module._compile (node:internal/modules/cjs/loader:1105:14)
    at Object.Module._extensions..js (node:internal/modules/cjs/loader:1159:10)
[debug] [2022-12-06T06:21:37.066Z] : Error Status: 500
[info] [2022-12-06T06:21:37.067Z] : Kindly contact Catalyst support [support@zohocatalyst.com] if you need any further assistance
[debug] [2022-12-06T06:41:52.838Z] : 
[debug] [2022-12-06T06:41:52.841Z] : ----------------------------------------------------------------------
[debug] [2022-12-06T06:41:52.843Z] : Command:      C:\Program Files\nodejs\node.exe C:\Users\Santhosh\AppData\Roaming\npm\node_modules\zcatalyst-cli\lib\bin\catalyst.js deploy --verbose
[debug] [2022-12-06T06:41:52.844Z] : CLI Version:  1.13.3
[debug] [2022-12-06T06:41:52.846Z] : Platform:     win32
[debug] [2022-12-06T06:41:52.848Z] : Node Version: v16.15.1
[debug] [2022-12-06T06:41:52.850Z] : Time:         Tue Dec 06 2022 12:11:52 GMT+0530 (India Standard Time)
[debug] [2022-12-06T06:41:52.852Z] : ----------------------------------------------------------------------
[debug] [2022-12-06T06:41:52.854Z] : 
[debug] [2022-12-06T06:41:55.059Z] : > authorizing via signed-in user option
[debug] [2022-12-06T06:41:55.061Z] : > command requires scopes: ["ZohoCatalyst.projects.ALL","ZohoCatalyst.functions.ALL","ZohoCatalyst.webapp.ALL"]
[debug] [2022-12-06T06:41:55.084Z] : >>>> HTTP REQUEST : GET https://api.catalyst.zoho.in/baas/v1/project/2207000000006285 

[debug] [2022-12-06T06:41:55.483Z] : <<<< HTTP RESPONSE : 200
Response Headers: {"server":"ZGS","date":"Tue, 06 Dec 2022 06:41:57 GMT","content-type":"application/vnd.catalyst.v2+json","transfer-encoding":"chunked","connection":"close","set-cookie":["3a750b85f1=7c58023b2365c117e2ff9b6feb09efa2; Path=/","ZD_CSRF_TOKEN=ec36f9db-3821-4e9e-8eca-ee3415e83c7f;path=/;SameSite=None;Secure;priority=high","_zcsr_tmp=ec36f9db-3821-4e9e-8eca-ee3415e83c7f;path=/;SameSite=Strict;Secure;priority=high"],"x-content-type-options":"nosniff","x-xss-protection":"1","pragma":"no-cache","cache-control":"private,no-cache,no-store,max-age=0,must-revalidate","expires":"Thu, 01 Jan 1970 00:00:00 GMT","x-frame-options":"DENY","strict-transport-security":"max-age=63072000"}

[debug] [2022-12-06T06:41:55.491Z] : >>>> HTTP REQUEST : GET https://api.catalyst.zoho.in/baas/v1/project/2207000000006285/environment 

[debug] [2022-12-06T06:41:55.699Z] : <<<< HTTP RESPONSE : 200
Response Headers: {"server":"ZGS","date":"Tue, 06 Dec 2022 06:41:57 GMT","content-type":"application/vnd.catalyst.v2+json","transfer-encoding":"chunked","connection":"close","set-cookie":["3a750b85f1=7c58023b2365c117e2ff9b6feb09efa2; Path=/","ZD_CSRF_TOKEN=4e315245-de81-4790-b2e9-3f59a2769df9;path=/;SameSite=None;Secure;priority=high","_zcsr_tmp=4e315245-de81-4790-b2e9-3f59a2769df9;path=/;SameSite=Strict;Secure;priority=high"],"x-content-type-options":"nosniff","x-xss-protection":"1","pragma":"no-cache","cache-control":"private,no-cache,no-store,max-age=0,must-revalidate","expires":"Thu, 01 Jan 1970 00:00:00 GMT","x-frame-options":"DENY","strict-transport-security":"max-age=63072000"}

[debug] [2022-12-06T06:41:55.735Z] : >>>> HTTP REQUEST : GET https://api.catalyst.zoho.in/baas/v1/project/2207000000006285/function 
Query params: {"type":"basicio,event,cron,applogic,integration"}

[debug] [2022-12-06T06:41:55.993Z] : <<<< HTTP RESPONSE : 200
Response Headers: {"server":"ZGS","date":"Tue, 06 Dec 2022 06:41:57 GMT","content-type":"application/vnd.catalyst.v2+json","transfer-encoding":"chunked","connection":"close","set-cookie":["3a750b85f1=99131cfabfda186b4fe68a16fb8fedd6; Path=/","ZD_CSRF_TOKEN=79ce443f-be0b-4b81-ac16-3e7e29122c8f;path=/;SameSite=None;Secure;priority=high","_zcsr_tmp=79ce443f-be0b-4b81-ac16-3e7e29122c8f;path=/;SameSite=Strict;Secure;priority=high"],"x-content-type-options":"nosniff","x-xss-protection":"1","pragma":"no-cache","cache-control":"private,no-cache,no-store,max-age=0,must-revalidate","expires":"Thu, 01 Jan 1970 00:00:00 GMT","x-frame-options":"DENY","strict-transport-security":"max-age=63072000"}

[debug] [2022-12-06T06:41:55.999Z] : unknown eol undefined hence skipping check
[debug] [2022-12-06T06:42:09.954Z] : >>>> HTTP REQUEST : PUT https://api.catalyst.zoho.in/baas/v1/project/2207000000006285/server/upsert 

[debug] [2022-12-06T06:42:35.248Z] : <<<< HTTP RESPONSE : 200
Response Headers: {"server":"ZGS","date":"Tue, 06 Dec 2022 06:42:36 GMT","content-type":"application/vnd.catalyst.v2+json","transfer-encoding":"chunked","connection":"close","set-cookie":["3a750b85f1=7c58023b2365c117e2ff9b6feb09efa2; Path=/","ZD_CSRF_TOKEN=e82f7522-0f86-4861-aae4-d50ed0caea57;path=/;SameSite=None;Secure;priority=high","_zcsr_tmp=e82f7522-0f86-4861-aae4-d50ed0caea57;path=/;SameSite=Strict;Secure;priority=high"],"x-content-type-options":"nosniff","x-xss-protection":"1","pragma":"no-cache","cache-control":"private,no-cache,no-store,max-age=0,must-revalidate","expires":"Thu, 01 Jan 1970 00:00:00 GMT","x-frame-options":"DENY","strict-transport-security":"max-age=63072000"}

[info] [2022-12-06T06:42:36.291Z] : ℹ Plugin : "zcatalyst-cli-plugin-angular" is used for client deploy
[info] [2022-12-06T06:42:36.292Z] : ℹ Building Application...
[error] [2022-12-06T06:42:37.928Z] : uncaughtException: Ajv is not a constructor
TypeError: Ajv is not a constructor
    at Object.<anonymous> (C:\Users\Santhosh\OneDrive\Desktop\Catalyst-Phase 3\client\node_modules\webpack-dev-server\node_modules\schema-utils\dist\validate.js:66:13)
    at Module._compile (node:internal/modules/cjs/loader:1105:14)
    at Object.Module._extensions..js (node:internal/modules/cjs/loader:1159:10)
    at Module.load (node:internal/modules/cjs/loader:981:32)
    at Function.Module._load (node:internal/modules/cjs/loader:822:12)
    at Module.require (node:internal/modules/cjs/loader:1005:19)
    at require (node:internal/modules/cjs/helpers:102:18)
    at Object.<anonymous> (C:\Users\Santhosh\OneDrive\Desktop\Catalyst-Phase 3\client\node_modules\webpack-dev-server\node_modules\schema-utils\dist\index.js:6:5)
    at Module._compile (node:internal/modules/cjs/loader:1105:14)
    at Object.Module._extensions..js (node:internal/modules/cjs/loader:1159:10)
[error] [2022-12-06T06:42:37.935Z] : ✖ An unexpected error has occurred.
[debug] [2022-12-06T06:42:37.937Z] : Error Stack: CatalystError: An unexpected error has occurred.
    at exports.default (C:\Users\Santhosh\AppData\Roaming\npm\node_modules\zcatalyst-cli\lib\errorOut.js:19:17)
    at process.<anonymous> (C:\Users\Santhosh\AppData\Roaming\npm\node_modules\zcatalyst-cli\lib\bin\catalyst.js:87:28)
    at process.emit (node:events:539:35)
    at process._fatalException (node:internal/process/execution:167:25)
[debug] [2022-12-06T06:42:37.942Z] : Original Error: TypeError: Ajv is not a constructor
    at Object.<anonymous> (C:\Users\Santhosh\OneDrive\Desktop\Catalyst-Phase 3\client\node_modules\webpack-dev-server\node_modules\schema-utils\dist\validate.js:66:13)
    at Module._compile (node:internal/modules/cjs/loader:1105:14)
    at Object.Module._extensions..js (node:internal/modules/cjs/loader:1159:10)
    at Module.load (node:internal/modules/cjs/loader:981:32)
    at Function.Module._load (node:internal/modules/cjs/loader:822:12)
    at Module.require (node:internal/modules/cjs/loader:1005:19)
    at require (node:internal/modules/cjs/helpers:102:18)
    at Object.<anonymous> (C:\Users\Santhosh\OneDrive\Desktop\Catalyst-Phase 3\client\node_modules\webpack-dev-server\node_modules\schema-utils\dist\index.js:6:5)
    at Module._compile (node:internal/modules/cjs/loader:1105:14)
    at Object.Module._extensions..js (node:internal/modules/cjs/loader:1159:10)
[debug] [2022-12-06T06:42:37.943Z] : Error Status: 500
[info] [2022-12-06T06:42:37.945Z] : Kindly contact Catalyst support [support@zohocatalyst.com] if you need any further assistance
[debug] [2022-12-06T11:56:25.227Z] : 
[debug] [2022-12-06T11:56:25.228Z] : ----------------------------------------------------------------------
[debug] [2022-12-06T11:56:25.228Z] : Command:      C:\Program Files\nodejs\node.exe C:\Users\Santhosh\AppData\Roaming\npm\node_modules\zcatalyst-cli\lib\bin\catalyst.js deploy
[debug] [2022-12-06T11:56:25.229Z] : CLI Version:  1.13.3
[debug] [2022-12-06T11:56:25.229Z] : Platform:     win32
[debug] [2022-12-06T11:56:25.229Z] : Node Version: v16.15.1
[debug] [2022-12-06T11:56:25.230Z] : Time:         Tue Dec 06 2022 17:26:25 GMT+0530 (India Standard Time)
[debug] [2022-12-06T11:56:25.231Z] : ----------------------------------------------------------------------
[debug] [2022-12-06T11:56:25.231Z] : 
[debug] [2022-12-06T11:56:26.955Z] : > authorizing via signed-in user option
[debug] [2022-12-06T11:56:26.956Z] : > command requires scopes: ["ZohoCatalyst.projects.ALL","ZohoCatalyst.functions.ALL","ZohoCatalyst.webapp.ALL"]
[debug] [2022-12-06T11:56:26.974Z] : > refreshing access token <
[debug] [2022-12-06T11:56:26.976Z] : >>>> HTTP REQUEST : POST https://accounts.zoho.in/oauth/v2/token 
<request body omitted>

[debug] [2022-12-06T11:56:27.333Z] : <<<< HTTP RESPONSE : 200
Response Headers: {"server":"ZGS","date":"Tue, 06 Dec 2022 11:56:28 GMT","content-type":"application/json;charset=UTF-8","content-length":"168","connection":"close","set-cookie":["6e73717622=4440853cd702ab2a51402c119608ee85; Path=/","iamcsr=10191b74-a3be-4bb2-b493-89ec47e78212;path=/;SameSite=None;Secure;priority=high","_zcsr_tmp=10191b74-a3be-4bb2-b493-89ec47e78212;path=/;SameSite=Strict;Secure;priority=high"],"cache-control":"no-store","x-content-type-options":"nosniff","pragma":"no-cache","x-xss-protection":"1","x-frame-options":"SAMEORIGIN","content-language":"en-US","strict-transport-security":"max-age=63072000"}

[debug] [2022-12-06T11:56:27.348Z] : >>>> HTTP REQUEST : GET https://api.catalyst.zoho.in/baas/v1/project/2207000000006285 

[debug] [2022-12-06T11:56:27.800Z] : <<<< HTTP RESPONSE : 200
Response Headers: {"server":"ZGS","date":"Tue, 06 Dec 2022 11:56:28 GMT","content-type":"application/vnd.catalyst.v2+json","transfer-encoding":"chunked","connection":"close","set-cookie":["3a750b85f1=7c58023b2365c117e2ff9b6feb09efa2; Path=/","ZD_CSRF_TOKEN=7a10c99c-ea64-4c69-91d1-ca67443f03ac;path=/;SameSite=None;Secure;priority=high","_zcsr_tmp=7a10c99c-ea64-4c69-91d1-ca67443f03ac;path=/;SameSite=Strict;Secure;priority=high"],"x-content-type-options":"nosniff","x-xss-protection":"1","pragma":"no-cache","cache-control":"private,no-cache,no-store,max-age=0,must-revalidate","expires":"Thu, 01 Jan 1970 00:00:00 GMT","x-frame-options":"DENY","strict-transport-security":"max-age=63072000"}

[debug] [2022-12-06T11:56:27.805Z] : >>>> HTTP REQUEST : GET https://api.catalyst.zoho.in/baas/v1/project/2207000000006285/environment 

[debug] [2022-12-06T11:56:28.063Z] : <<<< HTTP RESPONSE : 200
Response Headers: {"server":"ZGS","date":"Tue, 06 Dec 2022 11:56:29 GMT","content-type":"application/vnd.catalyst.v2+json","transfer-encoding":"chunked","connection":"close","set-cookie":["3a750b85f1=7c58023b2365c117e2ff9b6feb09efa2; Path=/","ZD_CSRF_TOKEN=a5f15fca-1477-4089-a09e-99556f22bd20;path=/;SameSite=None;Secure;priority=high","_zcsr_tmp=a5f15fca-1477-4089-a09e-99556f22bd20;path=/;SameSite=Strict;Secure;priority=high"],"x-content-type-options":"nosniff","x-xss-protection":"1","pragma":"no-cache","cache-control":"private,no-cache,no-store,max-age=0,must-revalidate","expires":"Thu, 01 Jan 1970 00:00:00 GMT","x-frame-options":"DENY","strict-transport-security":"max-age=63072000"}

[debug] [2022-12-06T11:56:28.083Z] : >>>> HTTP REQUEST : GET https://api.catalyst.zoho.in/baas/v1/project/2207000000006285/function 
Query params: {"type":"basicio,event,cron,applogic,integration"}

[debug] [2022-12-06T11:56:28.341Z] : <<<< HTTP RESPONSE : 200
Response Headers: {"server":"ZGS","date":"Tue, 06 Dec 2022 11:56:29 GMT","content-type":"application/vnd.catalyst.v2+json","transfer-encoding":"chunked","connection":"close","set-cookie":["3a750b85f1=99131cfabfda186b4fe68a16fb8fedd6; Path=/","ZD_CSRF_TOKEN=764084b6-88ba-4509-8c53-cfb1f1bc1f1a;path=/;SameSite=None;Secure;priority=high","_zcsr_tmp=764084b6-88ba-4509-8c53-cfb1f1bc1f1a;path=/;SameSite=Strict;Secure;priority=high"],"x-content-type-options":"nosniff","x-xss-protection":"1","pragma":"no-cache","cache-control":"private,no-cache,no-store,max-age=0,must-revalidate","expires":"Thu, 01 Jan 1970 00:00:00 GMT","x-frame-options":"DENY","strict-transport-security":"max-age=63072000"}

[debug] [2022-12-06T11:56:28.345Z] : unknown eol undefined hence skipping check
[debug] [2022-12-06T11:56:39.170Z] : >>>> HTTP REQUEST : PUT https://api.catalyst.zoho.in/baas/v1/project/2207000000006285/server/upsert 

[debug] [2022-12-06T11:57:05.627Z] : <<<< HTTP RESPONSE : 200
Response Headers: {"server":"ZGS","date":"Tue, 06 Dec 2022 11:57:06 GMT","content-type":"application/vnd.catalyst.v2+json","transfer-encoding":"chunked","connection":"close","set-cookie":["3a750b85f1=99131cfabfda186b4fe68a16fb8fedd6; Path=/","ZD_CSRF_TOKEN=7870d24d-fa98-430c-b281-35cbf2d10537;path=/;SameSite=None;Secure;priority=high","_zcsr_tmp=7870d24d-fa98-430c-b281-35cbf2d10537;path=/;SameSite=Strict;Secure;priority=high"],"x-content-type-options":"nosniff","x-xss-protection":"1","pragma":"no-cache","cache-control":"private,no-cache,no-store,max-age=0,must-revalidate","expires":"Thu, 01 Jan 1970 00:00:00 GMT","x-frame-options":"DENY","strict-transport-security":"max-age=63072000"}

[info] [2022-12-06T11:57:06.388Z] : ℹ Plugin : "zcatalyst-cli-plugin-angular" is used for client deploy
[info] [2022-12-06T11:57:06.389Z] : ℹ Building Application...
[error] [2022-12-06T11:57:07.651Z] : uncaughtException: Ajv is not a constructor
TypeError: Ajv is not a constructor
    at Object.<anonymous> (C:\Users\Santhosh\OneDrive\Desktop\Catalyst-Phase 3\client\node_modules\webpack-dev-server\node_modules\schema-utils\dist\validate.js:66:13)
    at Module._compile (node:internal/modules/cjs/loader:1105:14)
    at Object.Module._extensions..js (node:internal/modules/cjs/loader:1159:10)
    at Module.load (node:internal/modules/cjs/loader:981:32)
    at Function.Module._load (node:internal/modules/cjs/loader:822:12)
    at Module.require (node:internal/modules/cjs/loader:1005:19)
    at require (node:internal/modules/cjs/helpers:102:18)
    at Object.<anonymous> (C:\Users\Santhosh\OneDrive\Desktop\Catalyst-Phase 3\client\node_modules\webpack-dev-server\node_modules\schema-utils\dist\index.js:6:5)
    at Module._compile (node:internal/modules/cjs/loader:1105:14)
    at Object.Module._extensions..js (node:internal/modules/cjs/loader:1159:10)
[error] [2022-12-06T11:57:07.655Z] : ✖ An unexpected error has occurred.
[debug] [2022-12-06T11:57:07.655Z] : Error Stack: CatalystError: An unexpected error has occurred.
    at exports.default (C:\Users\Santhosh\AppData\Roaming\npm\node_modules\zcatalyst-cli\lib\errorOut.js:19:17)
    at process.<anonymous> (C:\Users\Santhosh\AppData\Roaming\npm\node_modules\zcatalyst-cli\lib\bin\catalyst.js:87:28)
    at process.emit (node:events:539:35)
    at process._fatalException (node:internal/process/execution:167:25)
[debug] [2022-12-06T11:57:07.655Z] : Original Error: TypeError: Ajv is not a constructor
    at Object.<anonymous> (C:\Users\Santhosh\OneDrive\Desktop\Catalyst-Phase 3\client\node_modules\webpack-dev-server\node_modules\schema-utils\dist\validate.js:66:13)
    at Module._compile (node:internal/modules/cjs/loader:1105:14)
    at Object.Module._extensions..js (node:internal/modules/cjs/loader:1159:10)
    at Module.load (node:internal/modules/cjs/loader:981:32)
    at Function.Module._load (node:internal/modules/cjs/loader:822:12)
    at Module.require (node:internal/modules/cjs/loader:1005:19)
    at require (node:internal/modules/cjs/helpers:102:18)
    at Object.<anonymous> (C:\Users\Santhosh\OneDrive\Desktop\Catalyst-Phase 3\client\node_modules\webpack-dev-server\node_modules\schema-utils\dist\index.js:6:5)
    at Module._compile (node:internal/modules/cjs/loader:1105:14)
    at Object.Module._extensions..js (node:internal/modules/cjs/loader:1159:10)
[debug] [2022-12-06T11:57:07.660Z] : Error Status: 500
[info] [2022-12-06T11:57:07.661Z] : Kindly contact Catalyst support [support@zohocatalyst.com] if you need any further assistance
[debug] [2022-12-06T11:57:42.380Z] : 
[debug] [2022-12-06T11:57:42.381Z] : ----------------------------------------------------------------------
[debug] [2022-12-06T11:57:42.382Z] : Command:      C:\Program Files\nodejs\node.exe C:\Users\Santhosh\AppData\Roaming\npm\node_modules\zcatalyst-cli\lib\bin\catalyst.js deploy --verbose
[debug] [2022-12-06T11:57:42.384Z] : CLI Version:  1.13.3
[debug] [2022-12-06T11:57:42.386Z] : Platform:     win32
[debug] [2022-12-06T11:57:42.387Z] : Node Version: v16.15.1
[debug] [2022-12-06T11:57:42.388Z] : Time:         Tue Dec 06 2022 17:27:42 GMT+0530 (India Standard Time)
[debug] [2022-12-06T11:57:42.390Z] : ----------------------------------------------------------------------
[debug] [2022-12-06T11:57:42.391Z] : 
[debug] [2022-12-06T11:57:43.347Z] : > authorizing via signed-in user option
[debug] [2022-12-06T11:57:43.349Z] : > command requires scopes: ["ZohoCatalyst.projects.ALL","ZohoCatalyst.functions.ALL","ZohoCatalyst.webapp.ALL"]
[debug] [2022-12-06T11:57:43.369Z] : >>>> HTTP REQUEST : GET https://api.catalyst.zoho.in/baas/v1/project/2207000000006285 

[debug] [2022-12-06T11:57:43.789Z] : <<<< HTTP RESPONSE : 200
Response Headers: {"server":"ZGS","date":"Tue, 06 Dec 2022 11:57:44 GMT","content-type":"application/vnd.catalyst.v2+json","transfer-encoding":"chunked","connection":"close","set-cookie":["3a750b85f1=99131cfabfda186b4fe68a16fb8fedd6; Path=/","ZD_CSRF_TOKEN=d80ed38f-161c-4711-a9a9-392c8121270a;path=/;SameSite=None;Secure;priority=high","_zcsr_tmp=d80ed38f-161c-4711-a9a9-392c8121270a;path=/;SameSite=Strict;Secure;priority=high"],"x-content-type-options":"nosniff","x-xss-protection":"1","pragma":"no-cache","cache-control":"private,no-cache,no-store,max-age=0,must-revalidate","expires":"Thu, 01 Jan 1970 00:00:00 GMT","x-frame-options":"DENY","strict-transport-security":"max-age=63072000"}

[debug] [2022-12-06T11:57:43.794Z] : >>>> HTTP REQUEST : GET https://api.catalyst.zoho.in/baas/v1/project/2207000000006285/environment 

[debug] [2022-12-06T11:57:44.031Z] : <<<< HTTP RESPONSE : 200
Response Headers: {"server":"ZGS","date":"Tue, 06 Dec 2022 11:57:45 GMT","content-type":"application/vnd.catalyst.v2+json","transfer-encoding":"chunked","connection":"close","set-cookie":["3a750b85f1=7c58023b2365c117e2ff9b6feb09efa2; Path=/","ZD_CSRF_TOKEN=cb96f477-2d0b-4a35-a6be-fcfaeb6fe809;path=/;SameSite=None;Secure;priority=high","_zcsr_tmp=cb96f477-2d0b-4a35-a6be-fcfaeb6fe809;path=/;SameSite=Strict;Secure;priority=high"],"x-content-type-options":"nosniff","x-xss-protection":"1","pragma":"no-cache","cache-control":"private,no-cache,no-store,max-age=0,must-revalidate","expires":"Thu, 01 Jan 1970 00:00:00 GMT","x-frame-options":"DENY","strict-transport-security":"max-age=63072000"}

[debug] [2022-12-06T11:57:44.048Z] : >>>> HTTP REQUEST : GET https://api.catalyst.zoho.in/baas/v1/project/2207000000006285/function 
Query params: {"type":"basicio,event,cron,applogic,integration"}

[debug] [2022-12-06T11:57:44.327Z] : <<<< HTTP RESPONSE : 200
Response Headers: {"server":"ZGS","date":"Tue, 06 Dec 2022 11:57:45 GMT","content-type":"application/vnd.catalyst.v2+json","transfer-encoding":"chunked","connection":"close","set-cookie":["3a750b85f1=99131cfabfda186b4fe68a16fb8fedd6; Path=/","ZD_CSRF_TOKEN=ebdefdce-ba2d-4bc6-8814-d56b1b51c8e5;path=/;SameSite=None;Secure;priority=high","_zcsr_tmp=ebdefdce-ba2d-4bc6-8814-d56b1b51c8e5;path=/;SameSite=Strict;Secure;priority=high"],"x-content-type-options":"nosniff","x-xss-protection":"1","pragma":"no-cache","cache-control":"private,no-cache,no-store,max-age=0,must-revalidate","expires":"Thu, 01 Jan 1970 00:00:00 GMT","x-frame-options":"DENY","strict-transport-security":"max-age=63072000"}

[debug] [2022-12-06T11:57:44.333Z] : unknown eol undefined hence skipping check
[debug] [2022-12-06T11:57:54.999Z] : >>>> HTTP REQUEST : PUT https://api.catalyst.zoho.in/baas/v1/project/2207000000006285/server/upsert 

[debug] [2022-12-06T11:58:20.964Z] : <<<< HTTP RESPONSE : 200
Response Headers: {"server":"ZGS","date":"Tue, 06 Dec 2022 11:58:22 GMT","content-type":"application/vnd.catalyst.v2+json","transfer-encoding":"chunked","connection":"close","set-cookie":["3a750b85f1=7c58023b2365c117e2ff9b6feb09efa2; Path=/","ZD_CSRF_TOKEN=ec4aa34b-84c0-4478-8eb5-0a5f8cc8d775;path=/;SameSite=None;Secure;priority=high","_zcsr_tmp=ec4aa34b-84c0-4478-8eb5-0a5f8cc8d775;path=/;SameSite=Strict;Secure;priority=high"],"x-content-type-options":"nosniff","x-xss-protection":"1","pragma":"no-cache","cache-control":"private,no-cache,no-store,max-age=0,must-revalidate","expires":"Thu, 01 Jan 1970 00:00:00 GMT","x-frame-options":"DENY","strict-transport-security":"max-age=63072000"}

[info] [2022-12-06T11:58:21.385Z] : ℹ Plugin : "zcatalyst-cli-plugin-angular" is used for client deploy
[info] [2022-12-06T11:58:21.386Z] : ℹ Building Application...
[error] [2022-12-06T11:58:22.159Z] : uncaughtException: Ajv is not a constructor
TypeError: Ajv is not a constructor
    at Object.<anonymous> (C:\Users\Santhosh\OneDrive\Desktop\Catalyst-Phase 3\client\node_modules\webpack-dev-server\node_modules\schema-utils\dist\validate.js:66:13)
    at Module._compile (node:internal/modules/cjs/loader:1105:14)
    at Object.Module._extensions..js (node:internal/modules/cjs/loader:1159:10)
    at Module.load (node:internal/modules/cjs/loader:981:32)
    at Function.Module._load (node:internal/modules/cjs/loader:822:12)
    at Module.require (node:internal/modules/cjs/loader:1005:19)
    at require (node:internal/modules/cjs/helpers:102:18)
    at Object.<anonymous> (C:\Users\Santhosh\OneDrive\Desktop\Catalyst-Phase 3\client\node_modules\webpack-dev-server\node_modules\schema-utils\dist\index.js:6:5)
    at Module._compile (node:internal/modules/cjs/loader:1105:14)
    at Object.Module._extensions..js (node:internal/modules/cjs/loader:1159:10)
[error] [2022-12-06T11:58:22.164Z] : ✖ An unexpected error has occurred.
[debug] [2022-12-06T11:58:22.165Z] : Error Stack: CatalystError: An unexpected error has occurred.
    at exports.default (C:\Users\Santhosh\AppData\Roaming\npm\node_modules\zcatalyst-cli\lib\errorOut.js:19:17)
    at process.<anonymous> (C:\Users\Santhosh\AppData\Roaming\npm\node_modules\zcatalyst-cli\lib\bin\catalyst.js:87:28)
    at process.emit (node:events:539:35)
    at process._fatalException (node:internal/process/execution:167:25)
[debug] [2022-12-06T11:58:22.167Z] : Original Error: TypeError: Ajv is not a constructor
    at Object.<anonymous> (C:\Users\Santhosh\OneDrive\Desktop\Catalyst-Phase 3\client\node_modules\webpack-dev-server\node_modules\schema-utils\dist\validate.js:66:13)
    at Module._compile (node:internal/modules/cjs/loader:1105:14)
    at Object.Module._extensions..js (node:internal/modules/cjs/loader:1159:10)
    at Module.load (node:internal/modules/cjs/loader:981:32)
    at Function.Module._load (node:internal/modules/cjs/loader:822:12)
    at Module.require (node:internal/modules/cjs/loader:1005:19)
    at require (node:internal/modules/cjs/helpers:102:18)
    at Object.<anonymous> (C:\Users\Santhosh\OneDrive\Desktop\Catalyst-Phase 3\client\node_modules\webpack-dev-server\node_modules\schema-utils\dist\index.js:6:5)
    at Module._compile (node:internal/modules/cjs/loader:1105:14)
    at Object.Module._extensions..js (node:internal/modules/cjs/loader:1159:10)
[debug] [2022-12-06T11:58:22.168Z] : Error Status: 500
[info] [2022-12-06T11:58:22.169Z] : Kindly contact Catalyst support [support@zohocatalyst.com] if you need any further assistance
